TN:
SF:src/index.js
FN:4,genDiff
FNF:1
FNH:1
FNDA:1,genDiff
DA:1,1
DA:2,1
DA:3,1
DA:4,1
DA:5,1
DA:6,1
DA:7,1
DA:8,1
DA:9,1
DA:10,1
DA:11,1
DA:12,1
DA:13,1
DA:14,1
DA:15,7
DA:16,7
DA:17,7
DA:18,7
DA:19,7
DA:20,2
DA:21,2
DA:22,7
DA:23,1
DA:24,1
DA:25,5
DA:26,2
DA:27,2
DA:28,2
DA:29,2
DA:30,2
DA:31,2
DA:32,7
DA:33,1
DA:34,1
DA:35,1
DA:36,1
DA:37,1
DA:38,1
DA:39,1
DA:40,1
LF:40
LH:40
BRDA:4,0,0,1
BRDA:14,1,0,7
BRDA:19,2,0,6
BRDA:19,3,0,2
BRDA:22,4,0,5
BRDA:22,5,0,1
BRDA:22,6,0,1
BRDA:25,7,0,4
BRDA:25,8,0,2
BRF:9
BRH:9
end_of_record
